<?xml version="1.0" encoding="UTF-8"?>
<!-- Generated by org.testng.reporters.JUnitReportReporter -->
<testsuite hostname="DESKTOP-GHSIURQ" failures="0" tests="2" name="testNGpractice.AnnotationTest" time="0.035" errors="0" timestamp="2024-04-08T13:28:03 IST" skipped="0">
  <testcase classname="testNGpractice.AnnotationTest" name="oneTest" time="0.015"/>
  <system-out/>
  <testcase classname="testNGpractice.AnnotationTest" name="executeTest" time="0.020"/>
  <system-out/>
</testsuite> <!-- testNGpractice.AnnotationTest -->
