<?xml version="1.0" encoding="UTF-8"?>
<!-- Generated by org.testng.reporters.JUnitReportReporter -->
<testsuite hostname="DESKTOP-GHSIURQ" failures="0" tests="1" name="organizations.CreateOrganization_TestNGTest" time="21.285" errors="0" timestamp="2024-04-08T16:38:15 IST" skipped="0">
  <testcase classname="organizations.CreateOrganization_TestNGTest" name="createOrganization_TestNGTest" time="21.285"/>
  <system-out/>
</testsuite> <!-- organizations.CreateOrganization_TestNGTest -->
