<?xml version="1.0" encoding="UTF-8"?>
<!-- Generated by org.testng.reporters.JUnitReportReporter -->
<testsuite hostname="DESKTOP-GHSIURQ" failures="0" tests="3" name="contacts.InSingleClassManytestScripts" time="109.180" errors="0" timestamp="2024-04-10T15:14:31 IST" skipped="0">
  <testcase classname="contacts.InSingleClassManytestScripts" name="createLead_TestNGTest" time="22.774"/>
  <system-out/>
  <testcase classname="contacts.InSingleClassManytestScripts" name="createContact_TestNGTest" time="22.122"/>
  <system-out/>
  <testcase classname="contacts.InSingleClassManytestScripts" name="createContactWitOrg_TestNGTest" time="64.284"/>
  <system-out/>
</testsuite> <!-- contacts.InSingleClassManytestScripts -->
