<?xml version="1.0" encoding="UTF-8"?>
<!-- Generated by org.testng.reporters.JUnitReportReporter -->
<testsuite hostname="DESKTOP-GHSIURQ" failures="0" tests="2" name="testNGpractice.LoginWithDataProvider" time="19.766" errors="0" timestamp="2024-04-08T10:22:55 IST" skipped="0">
  <testcase classname="testNGpractice.LoginWithDataProvider" name="getData" time="8.872"/>
  <system-out/>
  <testcase classname="testNGpractice.LoginWithDataProvider" name="getData" time="10.894"/>
  <system-out/>
</testsuite> <!-- testNGpractice.LoginWithDataProvider -->
