<?xml version="1.0" encoding="UTF-8"?>
<!-- Generated by org.testng.reporters.JUnitReportReporter -->
<testsuite hostname="DESKTOP-GHSIURQ" failures="0" tests="1" name="contacts.CreateContactWitOrg_TestNGTest" time="33.357" errors="0" timestamp="2024-04-08T16:43:29 IST" skipped="0">
  <testcase classname="contacts.CreateContactWitOrg_TestNGTest" name="createContactWitOrg_TestNGTest" time="33.357"/>
  <system-out/>
</testsuite> <!-- contacts.CreateContactWitOrg_TestNGTest -->
