<?xml version="1.0" encoding="UTF-8"?>
<!-- Generated by org.testng.reporters.JUnitReportReporter -->
<testsuite hostname="DESKTOP-GHSIURQ" failures="0" tests="1" name="organizations.CreateOrgWithInd_TestNGTest" time="20.045" errors="0" timestamp="2024-04-08T16:50:30 IST" skipped="0">
  <testcase classname="organizations.CreateOrgWithInd_TestNGTest" name="createOrgWithInd_TestNGTest" time="20.045"/>
  <system-out/>
</testsuite> <!-- organizations.CreateOrgWithInd_TestNGTest -->
