<?xml version="1.0" encoding="UTF-8"?>
<!-- Generated by org.testng.reporters.JUnitReportReporter -->
<testsuite hostname="DESKTOP-GHSIURQ" failures="0" tests="3" name="testNGpractice.TakeDataFromExcel" time="0.036" errors="0" timestamp="2024-04-08T11:50:59 IST" skipped="0">
  <testcase classname="testNGpractice.TakeDataFromExcel" name="getOrgDataTest" time="0.008"/>
  <system-out/>
  <testcase classname="testNGpractice.TakeDataFromExcel" name="getOrgDataTest" time="0.021"/>
  <system-out/>
  <testcase classname="testNGpractice.TakeDataFromExcel" name="getOrgDataTest" time="0.007"/>
  <system-out/>
</testsuite> <!-- testNGpractice.TakeDataFromExcel -->
