<?xml version="1.0" encoding="UTF-8"?>
<!-- Generated by org.testng.reporters.JUnitReportReporter -->
<testsuite hostname="DESKTOP-GHSIURQ" failures="0" tests="1" name="contacts.CreateContact_TestNGTest" time="62.478" errors="0" timestamp="2024-04-14T13:33:39 IST" skipped="0">
  <testcase classname="contacts.CreateContact_TestNGTest" name="createContact_TestNGTest" time="62.478"/>
  <system-out/>
</testsuite> <!-- contacts.CreateContact_TestNGTest -->
