<?xml version="1.0" encoding="UTF-8"?>
<!-- Generated by org.testng.reporters.JUnitReportReporter -->
<testsuite hostname="DESKTOP-GHSIURQ" failures="0" tests="6" name="batchExecutionTestNG.PracticeTest" time="89.718" errors="0" timestamp="2024-04-10T18:04:48 IST" skipped="0">
  <testcase classname="batchExecutionTestNG.PracticeTest" name="createTest" time="14.180"/>
  <system-out/>
  <testcase classname="batchExecutionTestNG.PracticeTest" name="deleteTest" time="18.067"/>
  <system-out/>
  <testcase classname="batchExecutionTestNG.PracticeTest" name="deleteTest" time="12.996"/>
  <system-out/>
  <testcase classname="batchExecutionTestNG.PracticeTest" name="createTest" time="15.122"/>
  <system-out/>
  <testcase classname="batchExecutionTestNG.PracticeTest" name="editTest" time="11.998"/>
  <system-out/>
  <testcase classname="batchExecutionTestNG.PracticeTest" name="editTest" time="17.355"/>
  <system-out/>
</testsuite> <!-- batchExecutionTestNG.PracticeTest -->
